<?xml version="1.0" encoding="UTF-8"?>
<beans xmlns="http://www.springframework.org/schema/beans"
       xmlns:xsi="http://www.w3.org/2001/XMLSchema-instance"
       xmlns:jdbc="http://www.springframework.org/schema/jdbc"
       xmlns:context="http://www.springframework.org/schema/context" xmlns:tx="http://www.springframework.org/schema/tx"
       xsi:schemaLocation="
        http://www.springframework.org/schema/beans
        http://www.springframework.org/schema/beans/spring-beans-3.1.xsd
        http://www.springframework.org/schema/jdbc
        http://www.springframework.org/schema/jdbc/spring-jdbc-3.0.xsd
        http://www.springframework.org/schema/tx
        http://www.springframework.org/schema/tx/spring-tx-3.1.xsd
		http://www.springframework.org/schema/context
        http://www.springframework.org/schema/context/spring-context-2.5.xsd">

    <context:annotation-config />
    <context:component-scan base-package="com.checkers.server" />
    <tx:annotation-driven transaction-manager="transactionManager" />

    <!-- Embedded InMemory database for development stage -->
    <jdbc:embedded-database id="dataSource" type="HSQL">
        <jdbc:script location="classpath:sql/ddl_hsql.sql"/>
        <jdbc:script location="classpath:sql/test_data.sql"/>
    </jdbc:embedded-database>

    <!-- JPA Entity Manager Factory as internal container -->

    <bean id="entityManagerFactory" class="org.springframework.orm.jpa.LocalContainerEntityManagerFactoryBean">
        <property name="dataSource" ref="dataSource"/>
        <!-- Hibernate HSQL Dialect has been used -->
        <property name="jpaVendorAdapter">
            <bean class="org.springframework.orm.jpa.vendor.HibernateJpaVendorAdapter">
                <property name="database" value="HSQL" />
                <property name="databasePlatform" value="org.hibernate.dialect.HSQLDialect" />
            </bean>
        </property>

        <!-- Updates current DB structure or creates a new from Entity Bean -->
        <property name="jpaProperties">
            <props>
                <prop key="hibernate.hbm2ddl.auto">update</prop>
            </props>
        </property>

        <!-- Package with entity beans -->
        <property name="packagesToScan">
            <list>
                <value>com.checkers.server.beans</value>
            </list>
        </property>
    </bean>

    <!-- Exception processor for SQLException -->
    <bean class="org.springframework.dao.annotation.PersistenceExceptionTranslationPostProcessor"/>
    <!-- For annotations support in entity beans -->
    <bean class="org.springframework.orm.jpa.support.PersistenceAnnotationBeanPostProcessor"/>

    <!-- Transactions support -->
    <bean id="transactionManager" class="org.springframework.orm.jpa.JpaTransactionManager">
        <property name="entityManagerFactory" ref="entityManagerFactory" />
        <property name="jpaDialect">
            <bean id="jpaDialect" class="org.springframework.orm.jpa.vendor.HibernateJpaDialect" />
        </property>
    </bean>

</beans>
